<?xml version="1.0" encoding="UTF-8"?>
<!-- Generated by org.testng.reporters.JUnitXMLReporter -->
<testsuite hostname="IN1-1019286LT" name="task" tests="3" failures="0" timestamp="10 Sep 2020 04:18:06 GMT" time="92.296" errors="0">
  <testcase name="Valiate_Login" time="7.633" classname="testcases.Testcase04"/>
  <testcase name="Validate_LoginAnLogout" time="12.141" classname="testcases.Testcase04"/>
  <testcase name="testing" time="0.003" classname="testcases.Testcase04"/>
</testsuite> <!-- task -->
