<?xml version="1.0" encoding="UTF-8"?>
<!-- Generated by org.testng.reporters.JUnitXMLReporter -->
<testsuite hostname="IN1-1019286LT" name="Test" tests="2" failures="2" timestamp="7 Sep 2020 03:54:05 GMT" time="0.126" errors="0">
  <testcase name="Valiate_Login" time="0.045" classname="testcases.Testcase02">
    <failure type="java.lang.NullPointerException">
      <![CDATA[java.lang.NullPointerException
	at testcases.Testcase02.Valiate_Login(Testcase02.java:24)
... Removed 25 stack frames]]>
    </failure>
  </testcase> <!-- Valiate_Login -->
  <testcase name="Validate_LoginAnLogout" time="0.007" classname="testcases.Testcase02">
    <failure type="java.lang.NullPointerException">
      <![CDATA[java.lang.NullPointerException
	at testcases.Testcase02.Validate_LoginAnLogout(Testcase02.java:39)
... Removed 25 stack frames]]>
    </failure>
  </testcase> <!-- Validate_LoginAnLogout -->
</testsuite> <!-- Test -->
